{"total": {"lines":{"total":109,"covered":107,"skipped":0,"pct":98.16},"statements":{"total":109,"covered":107,"skipped":0,"pct":98.16},"functions":{"total":5,"covered":5,"skipped":0,"pct":100},"branches":{"total":20,"covered":18,"skipped":0,"pct":90},"branchesTrue":{"total":0,"covered":0,"skipped":0,"pct":"Unknown"}}
,"C:\\Users\\SDN\\Desktop\\TP_FINAL_DEVOPS\\TP1_DevOps\\index.js": {"lines":{"total":29,"covered":29,"skipped":0,"pct":100},"functions":{"total":1,"covered":1,"skipped":0,"pct":100},"statements":{"total":29,"covered":29,"skipped":0,"pct":100},"branches":{"total":5,"covered":5,"skipped":0,"pct":100}}
,"C:\\Users\\SDN\\Desktop\\TP_FINAL_DEVOPS\\TP1_DevOps\\saver.js": {"lines":{"total":80,"covered":78,"skipped":0,"pct":97.5},"functions":{"total":4,"covered":4,"skipped":0,"pct":100},"statements":{"total":80,"covered":78,"skipped":0,"pct":97.5},"branches":{"total":15,"covered":13,"skipped":0,"pct":86.66}}
}
